# JRE version: OpenJDK Runtime Environment (11.0.12+7) (build 11.0.12+7-b1504.28-7817840)
# Java VM: OpenJDK 64-Bit Server VM (11.0.12+7-b1504.28-7817840, mixed mode, tiered, compressed oops, g1 gc, windows-amd64)
Heap:
 garbage-first heap   total 260096K, used 52575K [0x0000000080000000, 0x0000000100000000)
  region size 1024K, 9 young (9216K), 3 survivors (3072K)
 Metaspace       used 59316K, capacity 60910K, committed 61100K, reserved 1101824K
  class space    used 7600K, capacity 8132K, committed 8192K, reserved 1048576K
GC Heap History (14 events):
Event: 1.499 GC heap before
{Heap before GC invocations=0 (full 0):
 garbage-first heap   total 260096K, used 30720K [0x0000000080000000, 0x0000000100000000)
  region size 1024K, 24 young (24576K), 0 survivors (0K)
 Metaspace       used 9870K, capacity 10114K, committed 10368K, reserved 1058816K
  class space    used 1027K, capacity 1102K, committed 1152K, reserved 1048576K
}
Event: 1.508 GC heap after
{Heap after GC invocations=1 (full 0):
 garbage-first heap   total 260096K, used 9184K [0x0000000080000000, 0x0000000100000000)
  region size 1024K, 3 young (3072K), 3 survivors (3072K)
 Metaspace       used 9870K, capacity 10114K, committed 10368K, reserved 1058816K
  class space    used 1027K, capacity 1102K, committed 1152K, reserved 1048576K
}
Event: 5.523 GC heap before
{Heap before GC invocations=1 (full 0):
 garbage-first heap   total 260096K, used 111584K [0x0000000080000000, 0x0000000100000000)
  region size 1024K, 104 young (106496K), 3 survivors (3072K)
 Metaspace       used 20731K, capacity 21131K, committed 21248K, reserved 1067008K
  class space    used 2548K, capacity 2710K, committed 2816K, reserved 1048576K
}
Event: 5.541 GC heap after
{Heap after GC invocations=2 (full 0):
 garbage-first heap   total 260096K, used 16718K [0x0000000080000000, 0x0000000100000000)
  region size 1024K, 11 young (11264K), 11 survivors (11264K)
 Metaspace       used 20731K, capacity 21131K, committed 21248K, reserved 1067008K
  class space    used 2548K, capacity 2710K, committed 2816K, reserved 1048576K
}
Event: 6.349 GC heap before
{Heap before GC invocations=3 (full 0):
 garbage-first heap   total 260096K, used 62798K [0x0000000080000000, 0x0000000100000000)
  region size 1024K, 57 young (58368K), 11 survivors (11264K)
 Metaspace       used 25464K, capacity 25997K, committed 26112K, reserved 1071104K
  class space    used 3279K, capacity 3486K, committed 3584K, reserved 1048576K
}
Event: 6.360 GC heap after
{Heap after GC invocations=4 (full 0):
 garbage-first heap   total 260096K, used 18685K [0x0000000080000000, 0x0000000100000000)
  region size 1024K, 3 young (3072K), 3 survivors (3072K)
 Metaspace       used 25464K, capacity 25997K, committed 26112K, reserved 1071104K
  class space    used 3279K, capacity 3486K, committed 3584K, reserved 1048576K
}
Event: 8.037 GC heap before
{Heap before GC invocations=4 (full 0):
 garbage-first heap   total 260096K, used 85245K [0x0000000080000000, 0x0000000100000000)
  region size 1024K, 69 young (70656K), 3 survivors (3072K)
 Metaspace       used 34893K, capacity 35654K, committed 35840K, reserved 1081344K
  class space    used 4532K, capacity 4839K, committed 4864K, reserved 1048576K
}
Event: 8.064 GC heap after
{Heap after GC invocations=5 (full 0):
 garbage-first heap   total 260096K, used 21848K [0x0000000080000000, 0x0000000100000000)
  region size 1024K, 6 young (6144K), 6 survivors (6144K)
 Metaspace       used 34893K, capacity 35654K, committed 35840K, reserved 1081344K
  class space    used 4532K, capacity 4839K, committed 4864K, reserved 1048576K
}
Event: 11.248 GC heap before
{Heap before GC invocations=6 (full 0):
 garbage-first heap   total 260096K, used 146776K [0x0000000080000000, 0x0000000100000000)
  region size 1024K, 125 young (128000K), 6 survivors (6144K)
 Metaspace       used 44899K, capacity 46021K, committed 46208K, reserved 1089536K
  class space    used 5762K, capacity 6171K, committed 6272K, reserved 1048576K
}
Event: 11.272 GC heap after
{Heap after GC invocations=7 (full 0):
 garbage-first heap   total 260096K, used 29591K [0x0000000080000000, 0x0000000100000000)
  region size 1024K, 13 young (13312K), 13 survivors (13312K)
 Metaspace       used 44899K, capacity 46021K, committed 46208K, reserved 1089536K
  class space    used 5762K, capacity 6171K, committed 6272K, reserved 1048576K
}
Event: 15.568 GC heap before
{Heap before GC invocations=7 (full 0):
 garbage-first heap   total 260096K, used 174999K [0x0000000080000000, 0x0000000100000000)
  region size 1024K, 152 young (155648K), 13 survivors (13312K)
 Metaspace       used 55223K, capacity 56742K, committed 56832K, reserved 1097728K
  class space    used 7074K, capacity 7598K, committed 7680K, reserved 1048576K
}
Event: 15.596 GC heap after
{Heap after GC invocations=8 (full 0):
 garbage-first heap   total 260096K, used 44978K [0x0000000080000000, 0x0000000100000000)
  region size 1024K, 19 young (19456K), 19 survivors (19456K)
 Metaspace       used 55223K, capacity 56742K, committed 56832K, reserved 1097728K
  class space    used 7074K, capacity 7598K, committed 7680K, reserved 1048576K
}
Event: 16.270 GC heap before
{Heap before GC invocations=8 (full 0):
 garbage-first heap   total 260096K, used 65458K [0x0000000080000000, 0x0000000100000000)
  region size 1024K, 40 young (40960K), 19 survivors (19456K)
 Metaspace       used 58207K, capacity 59784K, committed 59948K, reserved 1101824K
  class space    used 7439K, capacity 7990K, committed 8064K, reserved 1048576K
}
Event: 16.312 GC heap after
{Heap after GC invocations=9 (full 0):
 garbage-first heap   total 260096K, used 47455K [0x0000000080000000, 0x0000000100000000)
  region size 1024K, 3 young (3072K), 3 survivors (3072K)
 Metaspace       used 58207K, capacity 59784K, committed 59948K, reserved 1101824K
  class space    used 7439K, capacity 7990K, committed 8064K, reserved 1048576K
}

